[35m[1mConsolidate compiler generated dependencies of target keyboard_control[0m
[100%] Built target keyboard_control
-- Install configuration: ""
-- Up-to-date: /home/wheeltec/wheeltec_ros2/src/FT/keyboard_control/install/keyboard_control/include
-- Up-to-date: /home/wheeltec/wheeltec_ros2/src/FT/keyboard_control/install/keyboard_control/include/keyboard_control
-- Up-to-date: /home/wheeltec/wheeltec_ros2/src/FT/keyboard_control/install/keyboard_control/lib/keyboard_control/keyboard_control
-- Up-to-date: /home/wheeltec/wheeltec_ros2/src/FT/keyboard_control/install/keyboard_control/share/ament_index/resource_index/package_run_dependencies/keyboard_control
-- Up-to-date: /home/wheeltec/wheeltec_ros2/src/FT/keyboard_control/install/keyboard_control/share/ament_index/resource_index/parent_prefix_path/keyboard_control
-- Up-to-date: /home/wheeltec/wheeltec_ros2/src/FT/keyboard_control/install/keyboard_control/share/keyboard_control/environment/ament_prefix_path.sh
-- Up-to-date: /home/wheeltec/wheeltec_ros2/src/FT/keyboard_control/install/keyboard_control/share/keyboard_control/environment/ament_prefix_path.dsv
-- Up-to-date: /home/wheeltec/wheeltec_ros2/src/FT/keyboard_control/install/keyboard_control/share/keyboard_control/environment/path.sh
-- Up-to-date: /home/wheeltec/wheeltec_ros2/src/FT/keyboard_control/install/keyboard_control/share/keyboard_control/environment/path.dsv
-- Up-to-date: /home/wheeltec/wheeltec_ros2/src/FT/keyboard_control/install/keyboard_control/share/keyboard_control/local_setup.bash
-- Up-to-date: /home/wheeltec/wheeltec_ros2/src/FT/keyboard_control/install/keyboard_control/share/keyboard_control/local_setup.sh
-- Up-to-date: /home/wheeltec/wheeltec_ros2/src/FT/keyboard_control/install/keyboard_control/share/keyboard_control/local_setup.zsh
-- Up-to-date: /home/wheeltec/wheeltec_ros2/src/FT/keyboard_control/install/keyboard_control/share/keyboard_control/local_setup.dsv
-- Installing: /home/wheeltec/wheeltec_ros2/src/FT/keyboard_control/install/keyboard_control/share/keyboard_control/package.dsv
-- Up-to-date: /home/wheeltec/wheeltec_ros2/src/FT/keyboard_control/install/keyboard_control/share/ament_index/resource_index/packages/keyboard_control
-- Up-to-date: /home/wheeltec/wheeltec_ros2/src/FT/keyboard_control/install/keyboard_control/share/keyboard_control/cmake/export_keyboard_controlExport.cmake
-- Up-to-date: /home/wheeltec/wheeltec_ros2/src/FT/keyboard_control/install/keyboard_control/share/keyboard_control/cmake/export_keyboard_controlExport-noconfig.cmake
-- Up-to-date: /home/wheeltec/wheeltec_ros2/src/FT/keyboard_control/install/keyboard_control/share/keyboard_control/cmake/ament_cmake_export_include_directories-extras.cmake
-- Up-to-date: /home/wheeltec/wheeltec_ros2/src/FT/keyboard_control/install/keyboard_control/share/keyboard_control/cmake/ament_cmake_export_targets-extras.cmake
-- Up-to-date: /home/wheeltec/wheeltec_ros2/src/FT/keyboard_control/install/keyboard_control/share/keyboard_control/cmake/keyboard_controlConfig.cmake
-- Up-to-date: /home/wheeltec/wheeltec_ros2/src/FT/keyboard_control/install/keyboard_control/share/keyboard_control/cmake/keyboard_controlConfig-version.cmake
-- Up-to-date: /home/wheeltec/wheeltec_ros2/src/FT/keyboard_control/install/keyboard_control/share/keyboard_control/package.xml
