-- Found ament_cmake: 1.3.11 (/opt/ros/humble/share/ament_cmake/cmake)
-- Found std_msgs: 4.2.4 (/opt/ros/humble/share/std_msgs/cmake)
-- Found rosidl_generator_c: 3.1.6 (/opt/ros/humble/share/rosidl_generator_c/cmake)
-- Found rosidl_adapter: 3.1.6 (/opt/ros/humble/share/rosidl_adapter/cmake)
-- Found rosidl_generator_cpp: 3.1.6 (/opt/ros/humble/share/rosidl_generator_cpp/cmake)
-- Using all available rosidl_typesupport_c: rosidl_typesupport_fastrtps_c;rosidl_typesupport_introspection_c
-- Using all available rosidl_typesupport_cpp: rosidl_typesupport_fastrtps_cpp;rosidl_typesupport_introspection_cpp
-- Found serial: 1.2.1 (/home/wheeltec/wheeltec_ros2/install/serial/share/serial/cmake)
-- Found rclcpp: 16.0.11 (/opt/ros/humble/share/rclcpp/cmake)
-- Found rmw_implementation_cmake: 6.1.2 (/opt/ros/humble/share/rmw_implementation_cmake/cmake)
-- Found rmw_fastrtps_cpp: 6.2.7 (/opt/ros/humble/share/rmw_fastrtps_cpp/cmake)
-- Using RMW implementation 'rmw_fastrtps_cpp' as default
-- Found ament_lint_auto: 0.12.11 (/opt/ros/humble/share/ament_lint_auto/cmake)
-- Added test 'cppcheck' to perform static code analysis on C / C++ code
-- Configured cppcheck include dirs: $<BUILD_INTERFACE:/home/wheeltec/wheeltec_ros2/src/screen_ctrl/include>
-- Configured cppcheck exclude dirs and/or files: 
-- Added test 'flake8' to check Python code syntax and style conventions
-- Added test 'lint_cmake' to check CMake code style
-- Added test 'pep257' to check Python code against some of the docstring style conventions in PEP 257
-- Added test 'uncrustify' to check C / C++ code style
-- Configured uncrustify additional arguments: 
-- Added test 'xmllint' to check XML markup files
-- Configuring done
-- Generating done
-- Build files have been written to: /home/wheeltec/wheeltec_ros2/src/screen_ctrl/build/screen_ctrl
[ 50%] [32mBuilding CXX object CMakeFiles/screen_node.dir/src/screen_control.cpp.o[0m
[100%] [32m[1mLinking CXX executable screen_node[0m
[100%] Built target screen_node
-- Install configuration: ""
-- Installing: /home/wheeltec/wheeltec_ros2/src/screen_ctrl/install/screen_ctrl/lib/screen_ctrl/screen_node
-- Set runtime path of "/home/wheeltec/wheeltec_ros2/src/screen_ctrl/install/screen_ctrl/lib/screen_ctrl/screen_node" to ""
-- Installing: /home/wheeltec/wheeltec_ros2/src/screen_ctrl/install/screen_ctrl/share/ament_index/resource_index/package_run_dependencies/screen_ctrl
-- Installing: /home/wheeltec/wheeltec_ros2/src/screen_ctrl/install/screen_ctrl/share/ament_index/resource_index/parent_prefix_path/screen_ctrl
-- Installing: /home/wheeltec/wheeltec_ros2/src/screen_ctrl/install/screen_ctrl/share/screen_ctrl/environment/ament_prefix_path.sh
-- Installing: /home/wheeltec/wheeltec_ros2/src/screen_ctrl/install/screen_ctrl/share/screen_ctrl/environment/ament_prefix_path.dsv
-- Installing: /home/wheeltec/wheeltec_ros2/src/screen_ctrl/install/screen_ctrl/share/screen_ctrl/environment/path.sh
-- Installing: /home/wheeltec/wheeltec_ros2/src/screen_ctrl/install/screen_ctrl/share/screen_ctrl/environment/path.dsv
-- Installing: /home/wheeltec/wheeltec_ros2/src/screen_ctrl/install/screen_ctrl/share/screen_ctrl/local_setup.bash
-- Installing: /home/wheeltec/wheeltec_ros2/src/screen_ctrl/install/screen_ctrl/share/screen_ctrl/local_setup.sh
-- Installing: /home/wheeltec/wheeltec_ros2/src/screen_ctrl/install/screen_ctrl/share/screen_ctrl/local_setup.zsh
-- Installing: /home/wheeltec/wheeltec_ros2/src/screen_ctrl/install/screen_ctrl/share/screen_ctrl/local_setup.dsv
-- Installing: /home/wheeltec/wheeltec_ros2/src/screen_ctrl/install/screen_ctrl/share/screen_ctrl/package.dsv
-- Installing: /home/wheeltec/wheeltec_ros2/src/screen_ctrl/install/screen_ctrl/share/ament_index/resource_index/packages/screen_ctrl
-- Installing: /home/wheeltec/wheeltec_ros2/src/screen_ctrl/install/screen_ctrl/share/screen_ctrl/cmake/screen_ctrlConfig.cmake
-- Installing: /home/wheeltec/wheeltec_ros2/src/screen_ctrl/install/screen_ctrl/share/screen_ctrl/cmake/screen_ctrlConfig-version.cmake
-- Installing: /home/wheeltec/wheeltec_ros2/src/screen_ctrl/install/screen_ctrl/share/screen_ctrl/package.xml
