-- Found ament_cmake: 1.3.9 (/opt/ros/humble/share/ament_cmake/cmake)
-- Found ament_cmake_ros: 0.10.0 (/opt/ros/humble/share/ament_cmake_ros/cmake)
-- Found rclcpp: 16.0.9 (/opt/ros/humble/share/rclcpp/cmake)
-- Found rosidl_generator_c: 3.1.5 (/opt/ros/humble/share/rosidl_generator_c/cmake)
-- Found rosidl_adapter: 3.1.5 (/opt/ros/humble/share/rosidl_adapter/cmake)
-- Found rosidl_generator_cpp: 3.1.5 (/opt/ros/humble/share/rosidl_generator_cpp/cmake)
-- Using all available rosidl_typesupport_c: rosidl_typesupport_fastrtps_c;rosidl_typesupport_introspection_c
-- Using all available rosidl_typesupport_cpp: rosidl_typesupport_fastrtps_cpp;rosidl_typesupport_introspection_cpp
-- Found rmw_implementation_cmake: 6.1.2 (/opt/ros/humble/share/rmw_implementation_cmake/cmake)
-- Found rmw_fastrtps_cpp: 6.2.6 (/opt/ros/humble/share/rmw_fastrtps_cpp/cmake)
-- Using RMW implementation 'rmw_fastrtps_cpp' as default
-- Found ament_lint_auto: 0.12.11 (/opt/ros/humble/share/ament_lint_auto/cmake)
WARNING: Package name "SCServo" does not follow the naming conventions. It should start with a lower case letter and only contain lower case letters, digits, underscores, and dashes.
-- Added test 'cppcheck' to perform static code analysis on C / C++ code
-- Configured cppcheck include dirs: /home/wheeltec/wheeltec_ros2/src/FT/FTmotor/include
-- Configured cppcheck exclude dirs and/or files: 
-- Added test 'flake8' to check Python code syntax and style conventions
-- Added test 'lint_cmake' to check CMake code style
-- Added test 'pep257' to check Python code against some of the docstring style conventions in PEP 257
-- Added test 'uncrustify' to check C / C++ code style
-- Configured uncrustify additional arguments: 
-- Added test 'xmllint' to check XML markup files
-- Configuring done
-- Generating done
-- Build files have been written to: /home/wheeltec/wheeltec_ros2/src/FT/FTmotor/build/SCServo
[35m[1mConsolidate compiler generated dependencies of target SCServo[0m
[100%] Built target SCServo
-- Install configuration: ""
-- Up-to-date: /home/wheeltec/wheeltec_ros2/src/FT/FTmotor/install/SCServo/include
-- Up-to-date: /home/wheeltec/wheeltec_ros2/src/FT/FTmotor/install/SCServo/include/SCSerial.h
-- Up-to-date: /home/wheeltec/wheeltec_ros2/src/FT/FTmotor/install/SCServo/include/SMS_STS.h
-- Up-to-date: /home/wheeltec/wheeltec_ros2/src/FT/FTmotor/install/SCServo/include/SMSBL.h
-- Up-to-date: /home/wheeltec/wheeltec_ros2/src/FT/FTmotor/install/SCServo/include/SCServo.h
-- Up-to-date: /home/wheeltec/wheeltec_ros2/src/FT/FTmotor/install/SCServo/include/SCSCL.h
-- Up-to-date: /home/wheeltec/wheeltec_ros2/src/FT/FTmotor/install/SCServo/include/SMSCL.h
-- Up-to-date: /home/wheeltec/wheeltec_ros2/src/FT/FTmotor/install/SCServo/include/SCS.h
-- Up-to-date: /home/wheeltec/wheeltec_ros2/src/FT/FTmotor/install/SCServo/include/INST.h
-- Up-to-date: /home/wheeltec/wheeltec_ros2/src/FT/FTmotor/install/SCServo/lib/libSCServo.so
-- Up-to-date: /home/wheeltec/wheeltec_ros2/src/FT/FTmotor/install/SCServo/share/SCServo/environment/library_path.sh
-- Installing: /home/wheeltec/wheeltec_ros2/src/FT/FTmotor/install/SCServo/share/SCServo/environment/library_path.dsv
-- Up-to-date: /home/wheeltec/wheeltec_ros2/src/FT/FTmotor/install/SCServo/share/ament_index/resource_index/package_run_dependencies/SCServo
-- Up-to-date: /home/wheeltec/wheeltec_ros2/src/FT/FTmotor/install/SCServo/share/ament_index/resource_index/parent_prefix_path/SCServo
-- Up-to-date: /home/wheeltec/wheeltec_ros2/src/FT/FTmotor/install/SCServo/share/SCServo/environment/ament_prefix_path.sh
-- Installing: /home/wheeltec/wheeltec_ros2/src/FT/FTmotor/install/SCServo/share/SCServo/environment/ament_prefix_path.dsv
-- Up-to-date: /home/wheeltec/wheeltec_ros2/src/FT/FTmotor/install/SCServo/share/SCServo/environment/path.sh
-- Installing: /home/wheeltec/wheeltec_ros2/src/FT/FTmotor/install/SCServo/share/SCServo/environment/path.dsv
-- Up-to-date: /home/wheeltec/wheeltec_ros2/src/FT/FTmotor/install/SCServo/share/SCServo/local_setup.bash
-- Up-to-date: /home/wheeltec/wheeltec_ros2/src/FT/FTmotor/install/SCServo/share/SCServo/local_setup.sh
-- Up-to-date: /home/wheeltec/wheeltec_ros2/src/FT/FTmotor/install/SCServo/share/SCServo/local_setup.zsh
-- Installing: /home/wheeltec/wheeltec_ros2/src/FT/FTmotor/install/SCServo/share/SCServo/local_setup.dsv
-- Installing: /home/wheeltec/wheeltec_ros2/src/FT/FTmotor/install/SCServo/share/SCServo/package.dsv
-- Up-to-date: /home/wheeltec/wheeltec_ros2/src/FT/FTmotor/install/SCServo/share/ament_index/resource_index/packages/SCServo
-- Up-to-date: /home/wheeltec/wheeltec_ros2/src/FT/FTmotor/install/SCServo/share/SCServo/cmake/export_SCServoExport.cmake
-- Up-to-date: /home/wheeltec/wheeltec_ros2/src/FT/FTmotor/install/SCServo/share/SCServo/cmake/export_SCServoExport-noconfig.cmake
-- Up-to-date: /home/wheeltec/wheeltec_ros2/src/FT/FTmotor/install/SCServo/share/SCServo/cmake/ament_cmake_export_include_directories-extras.cmake
-- Up-to-date: /home/wheeltec/wheeltec_ros2/src/FT/FTmotor/install/SCServo/share/SCServo/cmake/ament_cmake_export_libraries-extras.cmake
-- Up-to-date: /home/wheeltec/wheeltec_ros2/src/FT/FTmotor/install/SCServo/share/SCServo/cmake/ament_cmake_export_targets-extras.cmake
-- Up-to-date: /home/wheeltec/wheeltec_ros2/src/FT/FTmotor/install/SCServo/share/SCServo/cmake/SCServoConfig.cmake
-- Up-to-date: /home/wheeltec/wheeltec_ros2/src/FT/FTmotor/install/SCServo/share/SCServo/cmake/SCServoConfig-version.cmake
-- Up-to-date: /home/wheeltec/wheeltec_ros2/src/FT/FTmotor/install/SCServo/share/SCServo/package.xml
