-- The C compiler identification is GNU 11.4.0
-- The CXX compiler identification is GNU 11.4.0
-- Detecting C compiler ABI info
-- Detecting C compiler ABI info - done
-- Check for working C compiler: /usr/bin/cc - skipped
-- Detecting C compile features
-- Detecting C compile features - done
-- Detecting CXX compiler ABI info
-- Detecting CXX compiler ABI info - done
-- Check for working CXX compiler: /usr/bin/c++ - skipped
-- Detecting CXX compile features
-- Detecting CXX compile features - done
-- Found ament_cmake: 1.3.9 (/opt/ros/humble/share/ament_cmake/cmake)
-- Found Python3: /usr/bin/python3 (found version "3.10.12") found components: Interpreter 
-- Found ament_cmake_ros: 0.10.0 (/opt/ros/humble/share/ament_cmake_ros/cmake)
-- Found rclcpp: 16.0.9 (/opt/ros/humble/share/rclcpp/cmake)
-- Found rosidl_generator_c: 3.1.5 (/opt/ros/humble/share/rosidl_generator_c/cmake)
-- Found rosidl_adapter: 3.1.5 (/opt/ros/humble/share/rosidl_adapter/cmake)
-- Found rosidl_generator_cpp: 3.1.5 (/opt/ros/humble/share/rosidl_generator_cpp/cmake)
-- Using all available rosidl_typesupport_c: rosidl_typesupport_fastrtps_c;rosidl_typesupport_introspection_c
-- Using all available rosidl_typesupport_cpp: rosidl_typesupport_fastrtps_cpp;rosidl_typesupport_introspection_cpp
-- Found rmw_implementation_cmake: 6.1.2 (/opt/ros/humble/share/rmw_implementation_cmake/cmake)
-- Found rmw_fastrtps_cpp: 6.2.6 (/opt/ros/humble/share/rmw_fastrtps_cpp/cmake)
-- Found OpenSSL: /usr/lib/x86_64-linux-gnu/libcrypto.so (found version "3.0.2")  
-- Found FastRTPS: /opt/ros/humble/include  
-- Using RMW implementation 'rmw_fastrtps_cpp' as default
-- Looking for pthread.h
-- Looking for pthread.h - found
-- Performing Test CMAKE_HAVE_LIBC_PTHREAD
-- Performing Test CMAKE_HAVE_LIBC_PTHREAD - Success
-- Found Threads: TRUE  
-- Found ament_lint_auto: 0.12.11 (/opt/ros/humble/share/ament_lint_auto/cmake)
-- Added test 'cppcheck' to perform static code analysis on C / C++ code
-- Configured cppcheck include dirs: /home/wheeltec/wheeltec_ros2/src/FT/FTmotor/include
-- Configured cppcheck exclude dirs and/or files: 
-- Added test 'lint_cmake' to check CMake code style
-- Added test 'uncrustify' to check C / C++ code style
-- Configured uncrustify additional arguments: 
-- Added test 'xmllint' to check XML markup files
-- Configuring done
-- Generating done
-- Build files have been written to: /home/wheeltec/wheeltec_ros2/src/FT/FTmotor/build/SCServo
[ 14%] [32mBuilding CXX object CMakeFiles/SCServo.dir/src/SCS.cpp.o[0m
[ 28%] [32mBuilding CXX object CMakeFiles/SCServo.dir/src/SCSerial.cpp.o[0m
[ 42%] [32mBuilding CXX object CMakeFiles/SCServo.dir/src/SCSCL.cpp.o[0m
[ 57%] [32mBuilding CXX object CMakeFiles/SCServo.dir/src/SMSBL.cpp.o[0m
[ 71%] [32mBuilding CXX object CMakeFiles/SCServo.dir/src/SMSCL.cpp.o[0m
[ 85%] [32mBuilding CXX object CMakeFiles/SCServo.dir/src/SMS_STS.cpp.o[0m
[100%] [32m[1mLinking CXX static library libSCServo.a[0m
[100%] Built target SCServo
-- Install configuration: ""
-- Installing: /home/wheeltec/wheeltec_ros2/src/FT/FTmotor/install/SCServo/include
-- Installing: /home/wheeltec/wheeltec_ros2/src/FT/FTmotor/install/SCServo/include/SCSerial.h
-- Installing: /home/wheeltec/wheeltec_ros2/src/FT/FTmotor/install/SCServo/include/SMS_STS.h
-- Installing: /home/wheeltec/wheeltec_ros2/src/FT/FTmotor/install/SCServo/include/SMSBL.h
-- Installing: /home/wheeltec/wheeltec_ros2/src/FT/FTmotor/install/SCServo/include/SCServo.h
-- Installing: /home/wheeltec/wheeltec_ros2/src/FT/FTmotor/install/SCServo/include/SCSCL.h
-- Installing: /home/wheeltec/wheeltec_ros2/src/FT/FTmotor/install/SCServo/include/SMSCL.h
-- Installing: /home/wheeltec/wheeltec_ros2/src/FT/FTmotor/install/SCServo/include/SCS.h
-- Installing: /home/wheeltec/wheeltec_ros2/src/FT/FTmotor/install/SCServo/include/INST.h
-- Installing: /home/wheeltec/wheeltec_ros2/src/FT/FTmotor/install/SCServo/lib/libSCServo.a
-- Installing: /home/wheeltec/wheeltec_ros2/src/FT/FTmotor/install/SCServo/share/SCServo/environment/library_path.sh
-- Installing: /home/wheeltec/wheeltec_ros2/src/FT/FTmotor/install/SCServo/share/SCServo/environment/library_path.dsv
-- Installing: /home/wheeltec/wheeltec_ros2/src/FT/FTmotor/install/SCServo/share/ament_index/resource_index/package_run_dependencies/SCServo
-- Installing: /home/wheeltec/wheeltec_ros2/src/FT/FTmotor/install/SCServo/share/ament_index/resource_index/parent_prefix_path/SCServo
-- Installing: /home/wheeltec/wheeltec_ros2/src/FT/FTmotor/install/SCServo/share/SCServo/environment/ament_prefix_path.sh
-- Installing: /home/wheeltec/wheeltec_ros2/src/FT/FTmotor/install/SCServo/share/SCServo/environment/ament_prefix_path.dsv
-- Installing: /home/wheeltec/wheeltec_ros2/src/FT/FTmotor/install/SCServo/share/SCServo/environment/path.sh
-- Installing: /home/wheeltec/wheeltec_ros2/src/FT/FTmotor/install/SCServo/share/SCServo/environment/path.dsv
-- Installing: /home/wheeltec/wheeltec_ros2/src/FT/FTmotor/install/SCServo/share/SCServo/local_setup.bash
-- Installing: /home/wheeltec/wheeltec_ros2/src/FT/FTmotor/install/SCServo/share/SCServo/local_setup.sh
-- Installing: /home/wheeltec/wheeltec_ros2/src/FT/FTmotor/install/SCServo/share/SCServo/local_setup.zsh
-- Installing: /home/wheeltec/wheeltec_ros2/src/FT/FTmotor/install/SCServo/share/SCServo/local_setup.dsv
-- Installing: /home/wheeltec/wheeltec_ros2/src/FT/FTmotor/install/SCServo/share/SCServo/package.dsv
-- Installing: /home/wheeltec/wheeltec_ros2/src/FT/FTmotor/install/SCServo/share/ament_index/resource_index/packages/SCServo
-- Installing: /home/wheeltec/wheeltec_ros2/src/FT/FTmotor/install/SCServo/share/SCServo/cmake/export_SCServoExport.cmake
-- Installing: /home/wheeltec/wheeltec_ros2/src/FT/FTmotor/install/SCServo/share/SCServo/cmake/export_SCServoExport-noconfig.cmake
-- Installing: /home/wheeltec/wheeltec_ros2/src/FT/FTmotor/install/SCServo/share/SCServo/cmake/ament_cmake_export_include_directories-extras.cmake
-- Installing: /home/wheeltec/wheeltec_ros2/src/FT/FTmotor/install/SCServo/share/SCServo/cmake/ament_cmake_export_libraries-extras.cmake
-- Installing: /home/wheeltec/wheeltec_ros2/src/FT/FTmotor/install/SCServo/share/SCServo/cmake/ament_cmake_export_targets-extras.cmake
-- Installing: /home/wheeltec/wheeltec_ros2/src/FT/FTmotor/install/SCServo/share/SCServo/cmake/SCServoConfig.cmake
-- Installing: /home/wheeltec/wheeltec_ros2/src/FT/FTmotor/install/SCServo/share/SCServo/cmake/SCServoConfig-version.cmake
-- Installing: /home/wheeltec/wheeltec_ros2/src/FT/FTmotor/install/SCServo/share/SCServo/package.xml
